<?xml version="1.0" encoding="UTF-8"?>
<!-- Generated by org.testng.reporters.JUnitReportReporter -->
<<<<<<< HEAD
<testsuite hostname="LAPTOP-TINQNFE1" failures="0" tests="3" name="testRunner.TestRun" time="39.945" errors="0" timestamp="2025-02-24T19:55:30 EST" skipped="0">
  <testcase classname="testRunner.TestRun" name="runScenario" time="8.957"/>
  <system-out/>
  <testcase classname="testRunner.TestRun" name="runScenario" time="13.983"/>
=======
<<<<<<< HEAD
<testsuite hostname="PavithraSubburaj" failures="0" tests="1" name="testRunner.TestRun" time="7.736" errors="1" timestamp="2025-02-24T11:04:41 CST" skipped="0">
  <testcase classname="testRunner.TestRun" name="runScenario" time="7.736">
    <error message="Cannot invoke &quot;pageObjects.HomePage.Click_batch_btn()&quot; because &quot;this.picoObject.homePage&quot; is null" type="java.lang.NullPointerException">
      <![CDATA[java.lang.NullPointerException: Cannot invoke "pageObjects.HomePage.Click_batch_btn()" because "this.picoObject.homePage" is null
at stepDefinitions.BatchSteps.admin_clicks_on_the_batch_menu_from_the_header(BatchSteps.java:33)
at ✽.Admin Clicks on the Batch menu from the header(file:///C:/Users/pavit/git/Final_hackathon_project/LMS-UI-Hackathon-Team15/lmsUI/src/test/resources/FeaturesFiles/TC301_BatchPageNavigation.feature:8)
=======
<testsuite hostname="LAPTOP-TINQNFE1" failures="0" tests="3" name="testRunner.TestRun" time="33.226" errors="1" timestamp="2025-02-23T21:16:47 EST" skipped="0">
  <testcase classname="testRunner.TestRun" name="runScenario" time="3.638">
    <error message="Cannot invoke &quot;pageObjects.LoginPage.getHomePageObject()&quot; because &quot;this.picoObject.loginPage&quot; is null" type="java.lang.NullPointerException">
      <![CDATA[java.lang.NullPointerException: Cannot invoke "pageObjects.LoginPage.getHomePageObject()" because "this.picoObject.loginPage" is null
at stepDefinitions.ProgramSteps.admin_is_on_home_page_after_login(ProgramSteps.java:30)
at ✽.Admin is on home page after Login(file:///C:/Users/kiran/LMS-UI-Hackathon-Team15/lmsUI/src/test/resources/FeaturesFiles/TC201_ProgramPageValidation.feature:9)
>>>>>>> 48e05ed77041b935f4021b8a9dff4995e40a9431
]]>
    </error>
  </testcase> <!-- runScenario -->
  <system-out/>
<<<<<<< HEAD
=======
  <testcase classname="testRunner.TestRun" name="runScenario" time="18.912"/>
>>>>>>> b073ed976815e475982b6382909bcfa8487b52fe
  <system-out/>
  <testcase classname="testRunner.TestRun" name="runScenario" time="17.005"/>
  <system-out/>
>>>>>>> 48e05ed77041b935f4021b8a9dff4995e40a9431
</testsuite> <!-- testRunner.TestRun -->
